<?xml version="1.0" encoding="UTF-8"?>
<!-- Generated by org.testng.reporters.JUnitReportReporter -->
<testsuite hostname="AV25071" failures="0" tests="1" name="com.Yale_Test_Pedido.Consultar_Test_Pedido" time="6.513" errors="0" timestamp="26 Jan 2021 17:08:43 GMT">
  <testcase classname="com.Yale_Test_Pedido.Consultar_Test_Pedido" name="Consultar" time="6.513"/>
</testsuite> <!-- com.Yale_Test_Pedido.Consultar_Test_Pedido -->
