<?xml version="1.0" encoding="UTF-8"?>
<!-- Generated by org.testng.reporters.JUnitReportReporter -->
<testsuite hostname="AV25071" failures="0" tests="7" name="com.Yale_Test_GestionCorreo.Consultar_Test_GestionCorreo_Login" time="16.386" errors="0" timestamp="13 Jan 2021 18:31:50 GMT">
  <testcase classname="com.Yale_Test_GestionCorreo.Consultar_Test_GestionCorreo_Login" name="Login" time="0.329"/>
  <testcase classname="com.Yale_Test_GestionCorreo.Consultar_Test_GestionCorreo_Login" name="Login" time="0.611"/>
  <testcase classname="com.Yale_Test_GestionCorreo.Consultar_Test_GestionCorreo_Login" name="Login" time="9.562"/>
  <testcase classname="com.Yale_Test_GestionCorreo.Consultar_Test_GestionCorreo_Login" name="Login" time="0.368"/>
  <testcase classname="com.Yale_Test_GestionCorreo.Consultar_Test_GestionCorreo_Login" name="Login" time="3.291"/>
  <testcase classname="com.Yale_Test_GestionCorreo.Consultar_Test_GestionCorreo_Login" name="Login" time="0.535"/>
  <testcase classname="com.Yale_Test_GestionCorreo.Consultar_Test_GestionCorreo_Login" name="Logout" time="1.690"/>
</testsuite> <!-- com.Yale_Test_GestionCorreo.Consultar_Test_GestionCorreo_Login -->
