<?xml version="1.0" encoding="UTF-8"?>
<!-- Generated by org.testng.reporters.JUnitReportReporter -->
<testsuite hostname="AV25071" failures="0" tests="2" name="com.Yale_Test_GestionCorreo.Consultar_Test_GestionCorreo_CamposVacios" time="15.359" errors="0" timestamp="14 Jan 2021 18:21:15 GMT">
  <testcase classname="com.Yale_Test_GestionCorreo.Consultar_Test_GestionCorreo_CamposVacios" name="Elementos_vacios" time="13.589"/>
  <testcase classname="com.Yale_Test_GestionCorreo.Consultar_Test_GestionCorreo_CamposVacios" name="Elementos_vacios_editar" time="1.770"/>
</testsuite> <!-- com.Yale_Test_GestionCorreo.Consultar_Test_GestionCorreo_CamposVacios -->
