<?xml version="1.0" encoding="UTF-8"?>
<!-- Generated by org.testng.reporters.JUnitReportReporter -->
<testsuite hostname="AV25071" failures="0" tests="1" name="com.Yale_Test_Responder.RevisarLinksEncuesta" time="3.016" errors="0" timestamp="8 Jan 2021 20:47:58 GMT">
  <testcase classname="com.Yale_Test_Responder.RevisarLinksEncuesta" name="VerificarLink" time="3.016"/>
</testsuite> <!-- com.Yale_Test_Responder.RevisarLinksEncuesta -->
