<?xml version="1.0" encoding="UTF-8"?>
<!-- Generated by org.testng.reporters.JUnitReportReporter -->
<testsuite hostname="AV25071" failures="0" tests="3" name="com.Yale_Test_Automated.Consultar_Test_Pedido" time="19.592" errors="0" timestamp="21 Dec 2020 19:20:21 GMT">
  <testcase classname="com.Yale_Test_Automated.Consultar_Test_Pedido" name="Consultar" time="6.688"/>
  <testcase classname="com.Yale_Test_Automated.Consultar_Test_Pedido" name="Consultar" time="6.407"/>
  <testcase classname="com.Yale_Test_Automated.Consultar_Test_Pedido" name="Validar_Estados" time="6.497"/>
</testsuite> <!-- com.Yale_Test_Automated.Consultar_Test_Pedido -->
