<?xml version="1.0" encoding="UTF-8"?>
<!-- Generated by org.testng.reporters.JUnitReportReporter -->
<testsuite hostname="AV25071" failures="0" tests="1" name="com.Yale_Test_GestionCorreo.Consultar_Test_GestionCorreo" time="5.479" errors="0" timestamp="14 Jan 2021 02:26:53 GMT">
  <testcase classname="com.Yale_Test_GestionCorreo.Consultar_Test_GestionCorreo" name="Elementos_Presentes" time="5.479"/>
</testsuite> <!-- com.Yale_Test_GestionCorreo.Consultar_Test_GestionCorreo -->
