<?xml version="1.0" encoding="UTF-8"?>
<!-- Generated by org.testng.reporters.JUnitReportReporter -->
<testsuite hostname="AV25071" failures="0" tests="6" name="com.Yale_Test_Automated.Consultar_Test" time="31.500" errors="0" timestamp="2 Dec 2020 20:53:09 GMT">
  <testcase classname="com.Yale_Test_Automated.Consultar_Test" name="Consultar" time="6.913"/>
  <testcase classname="com.Yale_Test_Automated.Consultar_Test" name="DocumentoVacio" time="2.613"/>
  <testcase classname="com.Yale_Test_Automated.Consultar_Test" name="Consultar" time="6.459"/>
  <testcase classname="com.Yale_Test_Automated.Consultar_Test" name="DocumentoVacio" time="2.238"/>
  <testcase classname="com.Yale_Test_Automated.Consultar_Test" name="Consultar" time="6.908"/>
  <testcase classname="com.Yale_Test_Automated.Consultar_Test" name="Consultar" time="6.369"/>
</testsuite> <!-- com.Yale_Test_Automated.Consultar_Test -->
