<?xml version="1.0" encoding="UTF-8"?>
<!-- Generated by org.testng.reporters.JUnitReportReporter -->
<testsuite hostname="AV25071" failures="0" tests="1" name="com.Yale_Test_Automated.Consultar_Test_Encuesta_Editar" time="14.039" errors="0" timestamp="18 Dec 2020 22:26:14 GMT">
  <testcase classname="com.Yale_Test_Automated.Consultar_Test_Encuesta_Editar" name="Editar_Pregunta" time="14.039"/>
</testsuite> <!-- com.Yale_Test_Automated.Consultar_Test_Encuesta_Editar -->
