<?xml version="1.0" encoding="UTF-8"?>
<!-- Generated by org.testng.reporters.JUnitReportReporter -->
<testsuite hostname="AV25071" failures="0" tests="7" name="com.Yale_Test_Automated.Consultar_Test_Encuesta" time="16.391" errors="1" timestamp="16 Dec 2020 23:06:04 GMT">
  <testcase classname="com.Yale_Test_Automated.Consultar_Test_Encuesta" name="Crear_Preguntas_Guardar" time="2.087"/>
  <testcase classname="com.Yale_Test_Automated.Consultar_Test_Encuesta" name="Crear_Preguntas_longitud255" time="3.616">
    <error message="Texto no presente en la pagina
Expected: a string containing &quot;Lorem Ipsum es simplemente el texto de relleno de las imprentas y archivos de texto. Lorem Ipsum ha sido el texto de relleno estándar de las industrias desde el año 1500, cuando un impresor  desconocido usó una galería de textos y los mezcló de tal manera que logró hacer un libro de textos especimen. No sólo sobrevivió 500 años, sino que tambien ingresó como texto de relleno en documentos electrónicos, quedando esencialmente igual al original.&quot;
     but: was &quot;FUSE
menu
Charlie Adams
adams.charlie@mail.com
APPLICATIONS
assignment
Preguntas
today
email
account_box
check_box
star
Charlie Adams
keyboard_arrow_down
search
EN
format_list_bulleted
Preguntas
Crear pregunta
Id
Nombre
Activa
Fecha
Acciones
122
Como califica el envio
Si
16-12-2020
edit
delete
123
Como estuvo el tiempo de entrega
Si
16-12-2020
edit
delete
124
Nos recomendaria
Si
16-12-2020
edit
delete
Items per page:
5
1 – 3 of 3
Click to add/remove shortcut
Favor revise el formulario
X
Crear nueva pregunta
Pregunta
clear Cancelar
check_circle_outline Guardar&quot;" type="java.lang.AssertionError">
      <![CDATA[java.lang.AssertionError: Texto no presente en la pagina
Expected: a string containing "Lorem Ipsum es simplemente el texto de relleno de las imprentas y archivos de texto. Lorem Ipsum ha sido el texto de relleno estándar de las industrias desde el año 1500, cuando un impresor  desconocido usó una galería de textos y los mezcló de tal manera que logró hacer un libro de textos especimen. No sólo sobrevivió 500 años, sino que tambien ingresó como texto de relleno en documentos electrónicos, quedando esencialmente igual al original."
     but: was "FUSE
menu
Charlie Adams
adams.charlie@mail.com
APPLICATIONS
assignment
Preguntas
today
email
account_box
check_box
star
Charlie Adams
keyboard_arrow_down
search
EN
format_list_bulleted
Preguntas
Crear pregunta
Id
Nombre
Activa
Fecha
Acciones
122
Como califica el envio
Si
16-12-2020
edit
delete
123
Como estuvo el tiempo de entrega
Si
16-12-2020
edit
delete
124
Nos recomendaria
Si
16-12-2020
edit
delete
Items per page:
5
1 – 3 of 3
Click to add/remove shortcut
Favor revise el formulario
X
Crear nueva pregunta
Pregunta
clear Cancelar
check_circle_outline Guardar"
	at org.hamcrest.MatcherAssert.assertThat(MatcherAssert.java:20)
	at org.junit.Assert.assertThat(Assert.java:964)
	at com.Yale_Test_Automated.Consultar_Test_Encuesta.Crear_Preguntas_longitud255(Consultar_Test_Encuesta.java:132)
	at java.base/jdk.internal.reflect.NativeMethodAccessorImpl.invoke0(Native Method)
	at java.base/jdk.internal.reflect.NativeMethodAccessorImpl.invoke(NativeMethodAccessorImpl.java:62)
	at java.base/jdk.internal.reflect.DelegatingMethodAccessorImpl.invoke(DelegatingMethodAccessorImpl.java:43)
	at java.base/java.lang.reflect.Method.invoke(Method.java:566)
	at org.testng.internal.MethodInvocationHelper.invokeMethod(MethodInvocationHelper.java:80)
	at org.testng.internal.Invoker.invokeMethod(Invoker.java:714)
	at org.testng.internal.Invoker.invokeTestMethod(Invoker.java:901)
	at org.testng.internal.Invoker.invokeTestMethods(Invoker.java:1231)
	at org.testng.internal.TestMethodWorker.invokeTestMethods(TestMethodWorker.java:127)
	at org.testng.internal.TestMethodWorker.run(TestMethodWorker.java:111)
	at org.testng.TestRunner.privateRun(TestRunner.java:767)
	at org.testng.TestRunner.run(TestRunner.java:617)
	at org.testng.SuiteRunner.runTest(SuiteRunner.java:334)
	at org.testng.SuiteRunner.runSequentially(SuiteRunner.java:329)
	at org.testng.SuiteRunner.privateRun(SuiteRunner.java:291)
	at org.testng.SuiteRunner.run(SuiteRunner.java:240)
	at org.testng.SuiteRunnerWorker.runSuite(SuiteRunnerWorker.java:52)
	at org.testng.SuiteRunnerWorker.run(SuiteRunnerWorker.java:86)
	at org.testng.TestNG.runSuitesSequentially(TestNG.java:1198)
	at org.testng.TestNG.runSuitesLocally(TestNG.java:1123)
	at org.testng.TestNG.run(TestNG.java:1031)
	at org.testng.remote.AbstractRemoteTestNG.run(AbstractRemoteTestNG.java:115)
	at org.testng.remote.RemoteTestNG.initAndRun(RemoteTestNG.java:251)
	at org.testng.remote.RemoteTestNG.main(RemoteTestNG.java:77)
]]>
    </error>
  </testcase> <!-- Crear_Preguntas_longitud255 -->
  <testcase classname="com.Yale_Test_Automated.Consultar_Test_Encuesta" name="Crear_Preguntas_Vacia" time="2.397"/>
  <testcase classname="com.Yale_Test_Automated.Consultar_Test_Encuesta" name="Consultar_Pagina_Home" time="2.266"/>
  <testcase classname="com.Yale_Test_Automated.Consultar_Test_Encuesta" name="Crear_Preguntas_Cancelar" time="2.536"/>
  <testcase classname="com.Yale_Test_Automated.Consultar_Test_Encuesta" name="Crear_Preguntas_Guardar" time="2.473"/>
  <testcase classname="com.Yale_Test_Automated.Consultar_Test_Encuesta" name="Crear_Preguntas_Guardar" time="1.016"/>
</testsuite> <!-- com.Yale_Test_Automated.Consultar_Test_Encuesta -->
